<?xml version="1.0" encoding="UTF-8"?>
<!-- Generated by org.testng.reporters.JUnitReportReporter -->
<testsuite hostname="w0dcf" failures="0" tests="1" name="com.herokuapp.theinternet.PositiveTests" time="3.775" errors="0" timestamp="21 Apr 2020 10:57:54 GMT" skipped="0">
  <testcase classname="com.herokuapp.theinternet.PositiveTests" name="loginTest" time="3.775"/>
</testsuite> <!-- com.herokuapp.theinternet.PositiveTests -->
